0 2.0
1 0.6666666666666666
2 0.26666666666666666
3 0.11428571428571428
4 0.050793650793650794
5 0.023088023088023088
6 0.010656010656010656
7 0.004972804972804973
8 0.002340143516614105
9 0.0011084890341856285
10 0.0005278519210407755
11 0.00025245091875863177
12 0.00012117644100414326
13 5.834421233532823e-05
14 2.8166171472227423e-05
15 1.3628792647851978e-05
16 6.607899465625202e-06
17 3.2095511690179553e-06
18 1.5614032714141403e-06
19 7.606836450479145e-07
20 3.710651927062998e-07
21 1.8121788481005337e-07
22 8.859541035158166e-08
23 4.3355200810348464e-08
24 2.123520039690537e-08
25 1.0409411959267338e-08
26 5.10650398001794e-09
27 2.5068292265542615e-09
28 1.2314248832196373e-09
29 6.052766375147369e-10
30 2.9767703484331325e-10
31 1.4647600127210652e-10
32 7.211126216472936e-11
33 3.55174873348667e-11
34 1.7501370570803882e-11
35 8.627436196875152e-12
36 4.254626069691856e-12
37 2.0989488610479824e-12
38 1.035844892465238e-12
39 5.113664659005605e-13
40 2.525266498274373e-13
41 1.247420800352401e-13
42 6.16372630762363e-14
43 3.0464394394001844e-14
44 1.5061048913888554e-14
45 7.4477714409339e-15
46 3.683843938526445e-15
47 1.8225333169551885e-15
48 9.018721568438046e-16
49 4.463811685388529e-16
50 2.209807765043826e-16
51 1.094176660361506e-16
52 5.418779651314125e-17
53 2.684068425417277e-17
54 1.329721972225073e-17
55 6.5887124749891006e-18
56 3.2652026424724743e-18
57 1.618404788008096e-18
58 8.022861342262357e-19
59 3.977721169693101e-19
60 1.9724237205089757e-19
61 9.781938776507928e-20
62 4.8518416331479324e-20
63 2.4068190778607854e-20
64 1.1940807828146533e-20
65 5.9248283116757605e-21
66 2.9401403651924824e-21
67 1.459180773836269e-21
68 7.242649096413599e-22
69 3.5952718536153835e-22
70 1.7848867358374245e-22
71 8.86202505205994e-23
72 4.400453818953901e-23
73 2.1852593794805085e-23
74 1.0852966045742124e-23
75 5.390546049209664e-24
76 2.677656861045323e-24
77 1.330190827745096e-24
78 6.608591373510668e-25
79 3.28351395287637e-25
80 1.6315597281373267e-25
81 8.107750796265242e-26
82 4.029306456325757e-26
83 2.0025894363774722e-26
84 9.953698973710512e-27
85 4.9477451038911904e-27
86 2.459572710604869e-27
87 1.2227590047007063e-27
88 6.079253808681478e-28
89 3.0226457484505673e-28
90 1.5029730240914422e-28
91 7.473800283733401e-29
92 3.716700681640394e-29
93 1.8484126384628697e-29
94 9.193163387064009e-30
95 4.572515820790999e-30
96 2.2744120144867145e-30
97 1.1313741815651862e-30
98 5.628155827075546e-31
99 2.7999368184948693e-31
100 1.3930033922860047e-31
101 6.930706533048595e-32
102 3.4484491042485693e-32
103 1.7158949649159547e-32
104 8.53842470580188e-33
105 4.248979119000936e-33
106 2.1145154301131417e-33
107 1.0523402373121217e-33
108 5.237453715654799e-34
109 2.606769200942343e-34
110 1.2974869325957362e-34
111 6.458343027718688e-35
112 3.214819640464413e-35
113 1.6003287197025493e-35
114 7.966701923410071e-36
115 3.966107018147871e-36
116 1.9745425498075234e-36
117 9.830701205424691e-37
118 4.894610726751534e-37
119 2.4370655919808894e-37
120 1.2134766433099865e-37
121 6.042414561337793e-38
122 3.0088758223804517e-38
123 1.4983470694445166e-38
124 7.461648056671488e-39
125 3.7159601875854024e-39
126 1.850636298955576e-39
127 9.216894508523848e-40
128 4.590515552883473e-40
129 2.2863957773048958e-40
130 1.1388178201135497e-40
131 5.672438571668252e-41
132 2.8255165715479593e-41
133 1.4074670562392457e-41
134 7.011174183496614e-42
135 3.4926513460222984e-42
136 1.739928875674112e-42
137 8.668009307903758e-43
138 4.318358427764327e-43
139 2.1514402202840197e-43
140 1.0718919246966646e-43
141 5.340521603612357e-44
142 2.66089146565949e-44
143 1.32581003341222e-44
144 6.606112277209676e-45
145 3.291705430224753e-45
146 1.6402354703509008e-45
147 8.173376750562116e-46
148 4.072928481761593e-46
149 2.0296533236872153e-46
150 1.0114551446946256e-46
151 5.0405850445177705e-47
152 2.512029268087545e-47
153 1.251923381164151e-47
154 6.239359245931367e-48
155 3.1096484987760834e-48
156 1.5498567597733834e-48
157 7.724682897918134e-49
158 3.8501574065333285e-49
159 1.9190439737893394e-49
160 9.56532821826462e-50
161 4.767857099506513e-50
162 2.376593384984785e-50
163 1.1846627576529662e-50
164 5.90530979498743e-51
165 2.943734489948417e-51
166 1.4674472232175292e-51
167 7.31533391872619e-52
168 3.6468133482077146e-52
169 1.8180278933542885e-52
170 9.063482166282376e-53
171 4.518529010012497e-53
172 2.2527159122381143e-53
173 1.1231119677728926e-53
174 5.599469409526743e-54
175 2.7917582526130486e-54
176 1.3919247945039562e-54
177 6.940019397949303e-55
178 3.460289783851473e-55
179 1.7253255468228794e-55
180 8.60273125839663e-56
181 4.289516137106859e-56
182 2.1388820190505433e-56
183 1.0665270013249303e-56
184 5.318183421240845e-57
185 2.6519243475190197e-57
186 1.3224073153848195e-57
187 6.594404479385633e-58
188 3.288456345157823e-58
189 1.639889839669732e-58
190 8.177928334311e-59
191 4.078288020504964e-59
192 2.0338475323037737e-59
193 1.0142960561618303e-59
194 5.058443056436892e-60
195 2.522752930959575e-60
196 1.258166856152867e-60
197 6.274908118028223e-61
198 3.129551152064454e-61
199 1.5608538327339004e-61
200 7.78480714580499e-62
201 3.8827450032426872e-62
202 1.9365789892716612e-62
203 9.659104049684207e-63
204 4.817743829182343e-63
205 2.403010912365889e-63
206 1.1985962420033247e-63
207 5.97854029143827e-64
208 2.9821016321802403e-64
209 1.4874922222569695e-64
210 7.419794932873245e-65
211 3.7011270232535573e-65
212 1.8462092445405979e-65
213 9.209427847474177e-66
214 4.5939803248472585e-66
215 2.2916607188913239e-66
216 1.1431840999550252e-66
217 5.702780452649206e-67
218 2.844865305898231e-67
219 1.4191924874526484e-67
220 7.0798718194916695e-68
221 3.531945083764467e-68
222 1.7620040642600263e-68
223 8.790311103579103e-69
224 4.3853667866407994e-69
225 2.1878215676145895e-69
226 1.0914959697150049e-69
227 5.445485387369365e-70
228 2.716784832210537e-70
229 1.3554329555037318e-70
230 6.762463769324476e-71
231 3.3739290080214984e-71
232 1.6833366233569628e-71
233 8.398660240731742e-72
234 4.1903763248000587e-72
235 2.0907397798896257e-72
236 1.0431598056108916e-72
237 5.2048183985217117e-73
238 2.596953414776032e-73
239 1.295765900065703e-73
240 6.4653600003278315e-74
241 3.2259870809089177e-74
242 1.6096677805772332e-74
243 8.031812539635886e-75
244 4.007693782558602e-75
245 1.9997657367145774e-75
246 9.978547083809048e-76
247 4.979194201415828e-76
248 2.4845878510083003e-76
249 1.2398043585191719e-76
250 6.18664849560465e-77
251 3.087174497806694e-77
252 1.540530640489677e-77
253 7.687460592581624e-78
254 3.836178763292205e-78
255 1.9143357820734095e-78
256 9.553020666877054e-79
257 4.7672355560920445e-79
258 2.3790072987848114e-79
259 1.1872117348463701e-79
260 5.924665087525072e-80
261 2.9566684280000835e-80
262 1.4755183393067083e-80
263 7.363592471302928e-81
264 3.6748363183818015e-81
265 1.8339578613393172e-81
266 9.152585199179331e-82
267 4.5677387816465074e-82
268 2.2796163751978846e-82
269 1.1376935156367922e-82
270 5.677952850682696e-83
271 2.833748107799283e-83
272 1.4142742849934036e-83
273 7.058443872087736e-84
274 3.522793480786958e-84
275 1.758200013096939e-84
276 8.775103139507326e-85
277 4.379646071429783e-85
278 2.1858915760457443e-85
279 1.0909906077222946e-85
280 5.445229414656729e-86
281 2.717778801986751e-86
282 1.3564842870093164e-86
283 6.770459492480362e-87
284 3.3792803090763143e-87
285 1.6866810649505248e-87
286 8.418687339892671e-88
287 4.202023072259473e-88
288 2.0973702683028215e-88
289 1.0468739335742926e-88
290 5.225360425758087e-89
291 2.608198771690572e-89
292 1.3018701561258923e-89
293 6.498261597016805e-90
294 3.2436144474073693e-90
295 1.6190630490442877e-90
296 8.081663786123256e-91
297 4.0340405789556423e-91
298 2.0136416960281098e-91
299 1.0051400118737977e-91
300 5.0173378296529004e-92
301 2.504508601534864e-92
302 1.2501844589479816e-92
303 6.2406242349462675e-93
304 3.115188452255608e-93
305 1.5550449720752217e-93
306 7.762540969902412e-94
307 3.874959476032586e-94
308 1.9343395763663476e-94
309 9.656073167967713e-95
310 4.8202619679065876e-95
311 2.406262394893979e-95
312 1.2012061875310743e-95
313 5.996451940944597e-96
314 2.993459315511293e-96
315 1.4943576614676027e-96
316 7.45998453434064e-97
317 3.724118263599973e-97
318 1.8591359620483382e-97
319 9.281132580491704e-98
320 4.633326717250148e-98
321 2.3130604607111937e-98
322 1.1547371602310146e-98
323 5.764762020936904e-99
324 2.8779397454292095e-99
325 1.436759473524567e-99
326 7.172796146539186e-100
327 3.580922656363838e-100
328 1.787736120680881e-100
329 8.925116596418966e-101
330 4.4558070753680165e-101
331 2.224543200523097e-101
332 1.1105990113889748e-101
333 5.544669727024417e-102
334 2.768190865210994e-102
335 1.3820326972364876e-102
336 6.899895784122731e-103
337 3.4448368581472005e-103
338 1.7198742364161798e-103
339 8.586706423344404e-104
340 4.287048728248307e-104
341 2.1403859682762412e-104
342 1.0686306586138313e-104
343 5.3353757773587216e-105
344 2.6638160630063864e-105
345 1.3299805234981234e-105
346 6.640306798417759e-106
347 3.315376200073327e-106
348 1.655309781385248e-106
349 8.264708350550094e-107
350 4.1264592335128855e-107
351 2.06029472398723e-107
352 1.0286861600617092e-107
353 5.136155792104432e-108
354 2.5644557833638492e-108
355 1.2804244769256912e-108
356 6.393143250849174e-109
357 3.192100895878538e-109
358 1.5938244361569272e-109
359 7.958038561618037e-110
360 3.9735005300728063e-110
361 1.984002339358621e-110
362 9.906328922038907e-111
363 4.946351304952027e-111
364 2.4697830932819448e-111
365 1.2332022285197125e-111
366 6.157599121940175e-112
367 3.0746107180299917e-112
368 1.5352194630054775e-112
369 7.665710173870382e-113
370 3.8276825429582205e-113
371 1.9112654420423955e-113
372 9.543499925366055e-114
373 4.765362077860158e-114
374 2.379499889345393e-114
375 1.1881657237077528e-114
376 5.932939071900598e-115
377 2.962540437227186e-115
378 1.4793134547845131e-115
379 7.386822125999084e-116
380 3.6885576976079525e-116
381 1.8418617074556093e-116
382 9.197270225464611e-117
383 4.5926394998082736e-117
384 2.293333638395809e-117
385 1.1451795729992042e-117
386 5.718490493889946e-118
387 2.8555558982392375e-118
388 1.4259403970615498e-118
389 7.120549607919678e-119
390 3.555716193455409e-119
391 1.7755875244458044e-119
392 8.866628147551023e-120
393 4.4276808919791e-120
394 2.2110345645624406e-120
395 1.1041196624553274e-120
396 5.513636649839971e-121
397 2.7533506289137967e-121
398 1.3749479928578308e-121
399 6.866135784108566e-122
400 3.428781914660957e-122
401 1.7122559748182362e-122
402 8.550644743812807e-123
403 4.2700245746673625e-123
404 2.1323732115767793e-123
405 1.0648719490611536e-123
406 5.3178107173287625e-124
407 2.6556428981016027e-124
408 1.3261962085990867e-124
409 6.6228846070455e-125
410 3.3074088780616994e-125
411 1.6516950776225497e-125
412 8.248465114915037e-126
413 4.1192455773396733e-126
414 2.0571383220972556e-126
415 1.0273314123590385e-126
416 5.1304906067390165e-127
417 2.5621731533055923e-127
418 1.2795560072661143e-127
419 6.390154553569748e-128
420 3.1912781361466044e-128
421 1.59374625779089e-128
422 7.959300837724919e-129
423 3.9749518941648654e-129
424 1.98513498601402e-129
425 9.914011387261556e-130
426 4.951194432559698e-130
427 2.4727017809391712e-130
428 1.2349082406557354e-130
429 6.167353145998958e-131
430 3.0800950671074934e-131
431 1.5382630057049012e-131
432 7.682423334849911e-132
433 3.836781204140728e-132
434 1.9161830179483038e-132
435 9.569915187227465e-133
436 4.779476542532846e-133
437 2.3870071418135473e-133
438 1.192142677439377e-133
439 5.953932143297913e-134
440 2.973586995517686e-134
441 1.4851096999131366e-134
442 7.417158049283688e-135
443 3.7043979885374e-135
444 1.8501155308330773e-135
445 9.240195412129286e-136
446 4.614924024422913e-136
447 2.30488384236541e-136
448 1.1511571475804947e-136
449 5.749383306603361e-137
450 2.8715010965277605e-137
451 1.4341605698051163e-137
452 7.162879309965885e-138
453 3.5774909894316935e-138
454 1.7867776778899766e-138
455 8.924081706256195e-139
456 4.457153623278012e-139
457 2.2261412085661766e-139
458 1.1118567868302169e-139
459 5.553234658923499e-140
460 2.773602544087741e-140
461 1.3852987787913853e-140
462 6.919005792449945e-141
463 3.4557709621405877e-141
464 1.7260255397559016e-141
465 8.620857959038607e-142
466 4.305809012767407e-142
467 2.1506019347191222e-142
468 1.0741533676078433e-142
469 5.365047171545032e-143
470 2.6796728699534167e-143
471 1.3384156116098187e-143
472 6.684996493966503e-144
473 3.3389686817805235e-144
474 1.6677251371590814e-144
475 8.329857414832425e-145
476 4.160558372990802e-145
477 2.0781008836823167e-145
478 1.0379647047023484e-145
479 5.184411820150416e-146
480 2.5895085053821016e-146
481 1.2934097519094402e-146
482 6.460347154615027e-147
483 3.2268331702989225e-147
484 1.611751552553848e-147
485 8.050458321200991e-148
486 4.021092234433383e-148
487 2.0084840186349306e-148
488 1.0032141259916542e-148
489 5.0109469623076496e-149
490 2.50291948168272e-149
491 1.2501866383583067e-149
492 6.244587066723726e-150
493 3.119130115394931e-150
494 1.5579881466178925e-150
495 7.782080046174136e-151
496 3.887121553778823e-151
497 1.9416074494754525e-151
498 9.698299998382901e-152
499 4.844295995188256e-152
500 2.419728269324803e-152
501 1.2086578892639346e-152
502 6.037276222990002e-153
503 3.0156404569652145e-153
504 1.5063258575921388e-153
505 7.524179605183284e-154
506 3.758375992322549e-154
507 1.877336579416288e-154
508 9.377453120388144e-155
509 4.684125258368563e-155
510 2.3397687382644144e-155
511 1.1687407871486958e-155
512 5.838002761172022e-156
513 2.9161591202349047e-156
514 1.4566625731785626e-156
515 7.276248546915225e-157
516 3.6346023719344205e-157
517 1.8155453394107203e-157
518 9.068972862244485e-158
519 4.5301221515927695e-158
520 2.2628852246188666e-158
521 1.130357815940968e-158
522 5.646380669102252e-159
523 2.82049387768909e-159
524 1.408902566166905e-159
525 7.037810154496908e-160
526 3.515563287051637e-160
527 1.7561154997878793e-160
528 8.772270424673607e-161
529 4.3819934415980535e-161
530 2.1889316909019492e-161
531 1.0934362444674835e-161
532 5.462047718842265e-162
533 2.7284643244076174e-162
534 1.3629559861867798e-162
535 6.808416924462438e-163
536 3.4010358541583107e-163
537 1.6989360499376862e-163
538 8.486792895696149e-164
539 4.239463735662858e-164
540 2.1177709687862566e-164
541 1.0579077507971975e-164
542 5.284663603060655e-165
543 2.6399009535068403e-165
544 1.3187384010171912e-165
545 6.587648291057463e-166
546 3.290810582724039e-166
547 1.643902638127899e-166
548 8.212020471231437e-167
549 4.1022741025532835e-167
550 2.0492740748449645e-167
551 1.02370808271947e-167
552 5.113908250327127e-168
553 2.554644320172449e-168
554 1.2761703817633333e-168
555 6.375108567764627e-169
556 3.1846903537081153e-169
557 1.5909170645878207e-169
558 7.947463939480788e-170
559 3.970180824101663e-170
560 1.9833195909874497e-170
561 9.907767502617625e-171
562 4.949480299085427e-171
563 2.472544284281362e-171
564 1.2351771269572084e-171
565 6.17042508161647e-172
566 3.0824894935524465e-172
567 1.539886821889196e-172
568 7.692662399587188e-173
569 3.842954262831528e-173
570 1.9197931023785896e-173
571 9.590567466825675e-174
572 4.7910957126849655e-174
573 2.3934593229019054e-174
574 1.1956881212756256e-174
575 5.973246479005079e-175
576 2.9840329331369696e-175
577 1.4907246774199405e-175
578 7.447181188839462e-176
579 3.720377832905995e-176
580 1.8585866865507985e-176
581 9.284942948289028e-177
582 4.638486520089454e-177
583 2.3172559050661113e-177
584 1.1576368251142934e-177
585 5.783241184388228e-178
586 2.889155442499149e-178
587 1.4433482934017028e-178
588 7.210609995923545e-179
589 3.602247063273085e-179
590 1.79959844820586e-179
591 8.990386161366552e-180
592 4.491399668800843e-180
593 2.2438079221557707e-180
594 1.1209603917245818e-180
595 5.600095995601396e-181
596 2.797700933259373e-181
597 1.3976798804651426e-181
598 6.982561140502551e-182
599 3.488368743253568e-182
600 1.74273209488105e-182
601 8.706417198865428e-183
602 4.349595978188371e-183
603 2.1729961680593106e-183
604 1.0855994090221866e-183
605 5.423514801473352e-184
606 2.709521821675887e-184
607 1.3536458812816983e-184
608 6.762668001801746e-185
609 3.378560141999396e-185
610 1.6878965492380276e-185
611 8.432582106168722e-186
612 4.212849182836946e-186
613 2.104707863960104e-186
614 1.0514976635244133e-186
615 5.253217409159335e-187
616 2.62447844610069e-187
617 1.3111766811693325e-187
618 6.550583580942986e-188
619 3.2726482942725656e-188
620 1.635005594237704e-188
621 8.168451118436156e-189
622 4.080945056760875e-189
623 2.0388362232253606e-189
624 1.018601924173439e-189
625 5.088938470091121e-190
626 2.5424385333416137e-190
627 1.270206342952344e-190
628 6.345979183564614e-191
629 3.1704693458793825e-191
630 1.583977547901674e-191
631 7.913617044544389e-192
632 3.953680610396881e-192
633 1.9752800523924433e-192
634 9.868617440636792e-193
635 4.930426494731993e-193
636 2.4632767090727003e-193
637 1.2306723636700471e-193
638 6.148543210818246e-194
639 3.071867952863846e-194
640 1.5347349647407194e-194
641 7.667693783311e-195
642 3.830863353218413e-195
643 1.9139433847081895e-195
644 9.562292783181336e-196
645 4.777442947445361e-196
646 2.386874047988943e-196
647 1.19251545100297e-196
648 5.957980048187545e-197
649 2.976696729233038e-197
650 1.4872043612617022e-197
651 7.430314959181644e-198
652 3.712310615621787e-198
653 1.8547351430765314e-198
654 9.266591165561892e-199
655 4.629761413762807e-199
656 2.31311765988454e-199
657 1.155679317524063e-199
658 5.774009042754999e-200
659 2.8848157385713e-200
660 1.4413159632528826e-200
661 7.20113266598757e-201
662 3.597848924440582e-201
663 1.7975688296187683e-201
664 8.981081285679926e-202
665 4.487166833190948e-202
666 2.2419003082559426e-202
667 1.120110491091171e-202
668 5.596363560575186e-203
669 2.796092025410604e-203
670 1.3970034728002273e-203
671 6.979816308629581e-204
672 3.4873134270625116e-204
673 1.7423622393563997e-204
674 8.70535321961611e-205
675 4.349454791444022e-205
676 2.173120058400709e-205
677 1.0857581398799115e-205
678 5.424790116717612e-206
679 2.710399182672008e-206
680 1.3542038532086446e-206
681 6.76605153363967e-207
682 3.380547359664655e-207
683 1.689037195794411e-207
684 8.439017106817947e-208
685 4.216430866644999e-208
686 2.106679952307698e-208
687 1.0525739107166464e-208
688 5.259047571336621e-209
689 2.6276169518860994e-209
690 1.3128571301965306e-209
691 6.559539240533642e-210
692 3.277401555559047e-210
693 1.6375193064184712e-210
694 8.181701934157084e-211
695 4.0879100246147905e-211
696 2.042487707919522e-211
697 1.0205117795124781e-211
698 5.098906385824693e-212
699 2.547630853246219e-212
700 1.2729062079031787e-212
701 6.359994666715098e-213
702 3.177733990059786e-213
703 1.5877377363269577e-213
704 7.933054410036751e-214
705 3.963716058877328e-214
706 1.980455440599712e-214
707 9.895279127236726e-215
708 4.944147933721666e-215
709 2.4703318428531794e-215
710 1.2342966983995476e-215
711 6.167146539438359e-216
712 3.08140935865271e-216
713 1.5396249984018093e-216
714 7.692737920636053e-217
715 3.843681071456868e-217
716 1.920499404859119e-217
717 9.595805388738593e-218
718 4.794563861596597e-218
719 2.3956159947796756e-218
720 1.196976763526278e-218
721 5.980736288998243e-219
722 2.9882986855755927e-219
723 1.493116758584073e-219
724 7.460431561179219e-220
725 3.727644990940685e-220
726 1.862539754592524e-220
727 9.306298292706287e-221
728 4.64995549560067e-221
729 2.323384205821034e-221
730 1.1608969680009273e-221
731 5.80051731789937e-222
732 2.898278960206375e-222
733 1.4481516549633762e-222
734 7.235829235827897e-223
735 3.615455124631886e-223
736 1.8065003202505556e-223
737 9.026377871353622e-224
738 4.510133289816502e-224
739 2.253541921010409e-224
740 1.1260101428411226e-224
741 5.626254321276277e-225
742 2.811232798913803e-225
743 1.4046711295177914e-225
744 7.018638820424693e-226
745 3.506965741929173e-226
746 1.7523084015265658e-226
747 8.75568144441702e-227
748 4.374916312908438e-227
749 2.1859988781643894e-227
750 1.0922712582433658e-227
751 5.457722654296525e-228
752 2.7270481302531474e-228
753 1.3626192714536297e-228
754 6.808581382876321e-229
755 3.402037686347864e-229
756 1.6998945742756016e-229
757 8.493862658261588e-230
758 4.24413176991581e-230
759 2.1206688698920996e-230
760 1.0596373051400365e-230
761 5.294707742689217e-231
762 2.6456179015929075e-231
763 1.3219426711954083e-231
764 6.605390456463649e-232
765 3.300538013843692e-232
766 1.649192510505067e-232
767 8.240590589950399e-233
768 4.117614556331754e-233
769 2.05746952164985e-233
770 1.028067184730944e-233
771 5.13700453290705e-234
772 2.566839805439639e-234
773 1.2825902841660253e-234
774 6.408811361810868e-235
775 3.202339655321356e-235
776 1.600138810385945e-235
777 7.995548911060316e-236
778 3.995206841878565e-236
779 1.9963220845563834e-236
780 9.975216053516844e-237
781 4.984416978756657e-237
782 2.4906160238899076e-237
783 1.2445133035774075e-237
784 6.218600573643642e-238
785 3.107321101406913e-238
786 1.5526728453311083e-238
787 7.758435106511633e-239
788 3.8767576816304165e-239
789 1.937151241802659e-239
790 9.679629861000004e-240
791 4.836757561624133e-240
792 2.416852989783163e-240
793 1.20766504152366e-240
794 6.034525128821813e-241
795 3.0153661077393724e-241
796 1.5067366112746642e-241
797 7.528959744112272e-242
798 3.762122652349151e-242
799 1.8798849275966048e-242
800 9.393553666941187e-243
801 4.693846841684274e-243
802 2.3454611632590575e-243
803 1.1720008177330574e-243
804 5.856362072451076e-244
805 2.9263634191949822e-244
806 1.4622745913646345e-244
807 7.306845790905635e-245
808 3.651163512091375e-245
809 1.8244541576787661e-245
810 9.116643230843927e-246
811 4.555513037716836e-246
812 2.2763548225391205e-246
813 1.1374778553929348e-246
814 5.683897939164205e-247
815 2.840206511599526e-247
816 1.4192336273516309e-247
817 7.091827972760137e-248
818 3.543747881318138e-248
819 1.77079287053054e-248
820 8.848568883821102e-249
821 4.421591633364044e-249
822 2.2094518678572915e-249
823 1.1040551835133884e-249
824 5.51692826691954e-250
825 2.7567933496115204e-250
826 1.3775627990194289e-250
827 6.88365217395207e-251
828 3.4397489438939738e-251
829 1.7188377784738422e-251
830 8.589014787075791e-252
831 4.291925007853267e-252
832 2.1446736375579089e-252
833 1.0716935453423743e-252
834 5.355257140895987e-253
835 2.676026159573997e-253
836 1.3372133110602877e-253
837 6.682074873775886e-254
838 3.3390451665022018e-254
839 1.6685282279305225e-254
840 8.337678235940743e-255
841 4.166362089379777e-255
842 2.0819447354645532e-255
843 1.0403553123868515e-255
844 5.1986967652723664e-256
845 2.5978112162360434e-256
846 1.2981383868491982e-256
847 6.486862617470625e-257
848 3.2415200351296936e-257
849 1.619806068172519e-257
850 8.094269006153094e-258
851 4.044758029498698e-258
852 2.0211928686996425e-258
853 1.010004403632569e-258
854 5.047067060867255e-259
855 2.5220586423386925e-259
856 1.2602931686175837e-259
857 6.2977915189811616e-260
858 3.147061807388373e-260
859 1.5726155279503273e-260
860 7.858508739321797e-261
861 3.926973897014549e-261
862 1.962348695203792e-261
863 9.806062095893876e-262
864 4.900195286785604e-262
865 2.4486822201441637e-262
866 1.2236346235688665e-262
867 6.114646793280734e-263
868 3.0555632795438554e-263
869 1.526903099438534e-263
870 7.630130364799107e-264
871 3.812876389982801e-264
872 1.9053456802664771e-264
873 9.521275208200541e-265
874 4.757915684372369e-265
875 2.377599214063862e-265
876 1.1881214555162255e-265
877 5.9372223161694e-266
878 2.9669215672149877e-266
879 1.4826174289834986e-266
880 7.408877555397381e-267
881 3.702337564551953e-267
882 1.85011996143616e-267
883 9.245364606384432e-268
884 4.620069141912854e-268
885 2.3087302036097547e-268
886 1.1537140216572153e-268
887 5.7653202096335206e-269
888 2.8810378987926655e-269
889 1.4397092141802584e-269
890 7.194504214600954e-270
891 3.595234579478099e-270
892 1.7966102212293917e-270
893 8.978024216887782e-271
894 4.486502878645991e-271
895 2.2419989259565393e-271
896 1.1203742541310982e-271
897 5.598750451006101e-272
898 2.7978174207031044e-272
899 1.3981311068438526e-272
900 6.986773993111979e-273
901 3.4914494552378773e-273
902 1.7447575671050223e-273
903 8.718960061404733e-274
904 4.35707014677163e-274
905 2.177332127459042e-274
906 1.0880655860330348e-274
907 5.4373305043083334e-275
908 2.7171690137104937e-275
909 1.3578376214748975e-275
910 6.7854598327411135e-276
911 3.3908688467510446e-276
912 1.6945054182120289e-276
913 8.46788969254287e-277
914 4.2316299502373883e-277
915 2.1146594235211416e-277
916 1.0567528815850332e-277
917 5.2808849722805196e-278
918 2.639005119517429e-278
919 1.3187850488507435e-278
920 6.590343535810342e-279
921 3.2933838288015874e-279
922 1.645799398458029e-279
923 8.224541660946187e-280
924 4.1100467791856556e-280
925 2.0539131662597143e-280
926 1.0264023701869917e-280
927 5.129245267726907e-281
928 2.563241576979305e-281
929 1.2809313744022456e-281
930 6.401215358377691e-282
931 3.198889693317032e-282
932 1.5985872354806831e-282
933 7.988655011802235e-283
934 3.992190359027976e-283
935 1.995028319450111e-283
936 9.969815840925275e-284
937 4.982249302905057e-284
938 2.489797467301515e-284
939 1.2442362010623325e-284
940 6.217873625723511e-285
941 3.1072857577301243e-285
942 1.5528186651362212e-285
943 7.7599788088153505e-286
944 3.87793541319306e-286
945 1.9379423402789222e-286
946 9.684592994737773e-287
947 4.8397411957871614e-287
948 2.4185949676363884e-287
949 1.2086606762964365e-287
950 6.040124368656574e-288
951 3.018475183705939e-288
952 1.5084453411485846e-288
953 7.538271683873105e-289
954 3.767161438666811e-289
955 1.8825950674656223e-289
956 9.408054806571537e-290
957 4.701570992109118e-290
958 2.3495592125407067e-290
959 1.1741674230466586e-290
960 5.8677809793065706e-291
961 2.9323648055713025e-291
962 1.465420749589399e-291
963 7.3233014107659115e-292
964 3.659752493508729e-292
965 1.8289286153474488e-292
966 9.139912273283164e-293
967 4.5675944022040414e-293
968 2.2826181627947918e-293
969 1.1407204743414921e-293
970 5.700663885168714e-294
971 2.848864967832641e-294
972 1.4237001278834586e-294
973 7.114844501441218e-295
974 3.555596995589403e-295
975 1.7768872735518545e-295
976 8.879887245195136e-296
977 4.437672551690868e-296
978 2.2177024811209347e-296
979 1.108285211341192e-296
980 5.538600240256849e-297
981 2.767889371213433e-297
982 1.3832403880567894e-297
983 6.912685823384972e-298
984 3.4545875318490666e-298
985 1.7264174119083363e-298
986 8.62771195206092e-299
987 4.3116717451565206e-299
988 2.154745414372606e-299
989 1.0768283046056126e-299
990 5.381423632304677e-300
991 2.6893549266837795e-300
992 1.3440000439648913e-300
993 6.716618236825049e-301
994 3.3566206774279026e-301
995 1.6774673902766264e-301
996 8.383128553514902e-302
997 4.189463242032259e-302
998 2.0936826817967924e-302
999 1.0463176583866912e-302
1000 5.22897380503094e-303
1001 2.613181616992497e-303
1002 1.305939142257597e-303
1003 6.5264422505449415e-304
1004 3.261596824065267e-304
1005 1.6299874729913442e-304
1006 8.145888712515113e-305
1007 4.070923043921945e-305
1008 2.0344523690001588e-305
1009 1.0167223577618427e-305
1010 5.0810963945544836e-306
1011 2.5392923652469513e-306
1012 1.269019196854279e-306
1013 6.341965695181966e-307
1014 3.1694200172077447e-307
1015 1.5839297476444415e-307
1016 7.915753190392291e-308
1017 3.9559316926923634e-308
1018 1.9769948272758105e-308
1019 9.88012618437494e-309
1020 4.937642679109476e-309
1021 2.467612910117855e-309
1022 1.233203126719047e-309
1023 6.16300341296326e-310
1024 3.07999780130523e-310
1025 1.5392480479463e-310
1026 7.6924914622157e-311
1027 3.844374078684e-311
1028 1.9212525779714e-311
1029 9.60159739064e-312
1030 4.79846934127e-312
1031 2.398071687275e-312
1032 1.19845519674e-312
1033 5.9893769629e-313
1034 2.9932410728e-313
1035 1.49589788045e-313
1036 7.4758813515e-314
1037 3.7361392585e-314
1038 1.867170222e-314
1039 9.33136056e-315
1040 4.66343824e-315
1041 2.330599716e-315
1042 1.16474096e-315
1043 5.82091435e-316
1044 2.90906396e-316
1045 1.45383633e-316
1046 7.2657086e-317
1047 3.63112e-317
1048 1.814694e-317
1049 9.06915e-318
1050 4.532415e-318
1051 2.265133e-318
1052 1.13203e-318
1053 5.65745e-319
1054 2.8274e-319
1055 1.41303e-319
1056 7.0617e-320
1057 3.529e-320
1058 1.764e-320
1059 8.814e-321
1060 4.407e-321
1061 2.204e-321
1062 1.1e-321
1063 5.5e-322
1064 2.77e-322
1065 1.4e-322
1066 7e-323
1067 3.5e-323
1068 1.5e-323
1069 1e-323
1070 5e-324
1071 0.0
1072 0.0
1073 0.0
1074 0.0
1075 0.0
1076 0.0
1077 0.0
1078 0.0
1079 0.0
1080 0.0
1081 0.0
1082 0.0
1083 0.0
1084 0.0
1085 0.0
1086 0.0
1087 0.0
1088 0.0
1089 0.0
1090 0.0
1091 0.0
1092 0.0
1093 0.0
1094 0.0
1095 0.0
1096 0.0
1097 0.0
1098 0.0
1099 0.0
1100 0.0
1101 0.0
1102 0.0
1103 0.0
1104 0.0
1105 0.0
1106 0.0
1107 0.0
1108 0.0
1109 0.0
1110 0.0
1111 0.0
1112 0.0
1113 0.0
1114 0.0
1115 0.0
1116 0.0
1117 0.0
1118 0.0
1119 0.0
1120 0.0
1121 0.0
1122 0.0
1123 0.0
1124 0.0
1125 0.0
1126 0.0
1127 0.0
1128 0.0
1129 0.0
1130 0.0
1131 0.0
1132 0.0
1133 0.0
1134 0.0
1135 0.0
1136 0.0
1137 0.0
1138 0.0
1139 0.0
1140 0.0
1141 0.0
1142 0.0
1143 0.0
1144 0.0
1145 0.0
1146 0.0
1147 0.0
1148 0.0
1149 0.0
1150 0.0
1151 0.0
1152 0.0
1153 0.0
1154 0.0
1155 0.0
1156 0.0
1157 0.0
1158 0.0
1159 0.0
1160 0.0
1161 0.0
1162 0.0
1163 0.0
1164 0.0
1165 0.0
1166 0.0
1167 0.0
1168 0.0
1169 0.0
1170 0.0
1171 0.0
1172 0.0
1173 0.0
1174 0.0
1175 0.0
1176 0.0
1177 0.0
1178 0.0
1179 0.0
1180 0.0
1181 0.0
1182 0.0
1183 0.0
1184 0.0
1185 0.0
1186 0.0
1187 0.0
1188 0.0
1189 0.0
1190 0.0
1191 0.0
1192 0.0
1193 0.0
1194 0.0
1195 0.0
1196 0.0
1197 0.0
1198 0.0
1199 0.0
1200 0.0
1201 0.0
1202 0.0
1203 0.0
1204 0.0
1205 0.0
1206 0.0
1207 0.0
1208 0.0
1209 0.0
1210 0.0
1211 0.0
1212 0.0
1213 0.0
1214 0.0
1215 0.0
1216 0.0
1217 0.0
1218 0.0
1219 0.0
1220 0.0
1221 0.0
1222 0.0
1223 0.0
1224 0.0
1225 0.0
1226 0.0
1227 0.0
1228 0.0
1229 0.0
1230 0.0
1231 0.0
1232 0.0
1233 0.0
1234 0.0
1235 0.0
1236 0.0
1237 0.0
1238 0.0
1239 0.0
1240 0.0
1241 0.0
1242 0.0
1243 0.0
1244 0.0
1245 0.0
1246 0.0
1247 0.0
1248 0.0
1249 0.0
1250 0.0
1251 0.0
1252 0.0
1253 0.0
1254 0.0
1255 0.0
1256 0.0
1257 0.0
1258 0.0
1259 0.0
1260 0.0
1261 0.0
1262 0.0
1263 0.0
1264 0.0
1265 0.0
1266 0.0
1267 0.0
1268 0.0
1269 0.0
1270 0.0
1271 0.0
1272 0.0
1273 0.0
1274 0.0
1275 0.0
1276 0.0
1277 0.0
1278 0.0
1279 0.0
1280 0.0
1281 0.0
1282 0.0
1283 0.0
1284 0.0
1285 0.0
1286 0.0
1287 0.0
1288 0.0
1289 0.0
1290 0.0
1291 0.0
1292 0.0
1293 0.0
1294 0.0
1295 0.0
1296 0.0
1297 0.0
1298 0.0
1299 0.0
1300 0.0
1301 0.0
1302 0.0
1303 0.0
1304 0.0
1305 0.0
1306 0.0
1307 0.0
1308 0.0
1309 0.0
1310 0.0
1311 0.0
1312 0.0
1313 0.0
1314 0.0
1315 0.0
1316 0.0
1317 0.0
1318 0.0
1319 0.0
1320 0.0
1321 0.0
1322 0.0
1323 0.0
1324 0.0
1325 0.0
1326 0.0
1327 0.0
1328 0.0
1329 0.0
1330 0.0
1331 0.0
1332 0.0
1333 0.0
1334 0.0
1335 0.0
1336 0.0
1337 0.0
1338 0.0
1339 0.0
1340 0.0
1341 0.0
1342 0.0
1343 0.0
1344 0.0
1345 0.0
1346 0.0
1347 0.0
1348 0.0
1349 0.0
1350 0.0
1351 0.0
1352 0.0
1353 0.0
1354 0.0
1355 0.0
1356 0.0
1357 0.0
1358 0.0
1359 0.0
1360 0.0
1361 0.0
1362 0.0
1363 0.0
1364 0.0
1365 0.0
1366 0.0
1367 0.0
1368 0.0
1369 0.0
1370 0.0
1371 0.0
1372 0.0
1373 0.0
1374 0.0
1375 0.0
1376 0.0
1377 0.0
1378 0.0
1379 0.0
1380 0.0
1381 0.0
1382 0.0
1383 0.0
1384 0.0
1385 0.0
1386 0.0
1387 0.0
1388 0.0
1389 0.0
1390 0.0
1391 0.0
1392 0.0
1393 0.0
1394 0.0
1395 0.0
1396 0.0
1397 0.0
1398 0.0
1399 0.0
1400 0.0
1401 0.0
1402 0.0
1403 0.0
1404 0.0
1405 0.0
1406 0.0
1407 0.0
1408 0.0
1409 0.0
1410 0.0
1411 0.0
1412 0.0
1413 0.0
1414 0.0
1415 0.0
1416 0.0
1417 0.0
1418 0.0
1419 0.0
1420 0.0
1421 0.0
1422 0.0
1423 0.0
1424 0.0
1425 0.0
1426 0.0
1427 0.0
1428 0.0
1429 0.0
1430 0.0
1431 0.0
1432 0.0
1433 0.0
1434 0.0
1435 0.0
1436 0.0
1437 0.0
1438 0.0
1439 0.0
1440 0.0
1441 0.0
1442 0.0
1443 0.0
1444 0.0
1445 0.0
1446 0.0
1447 0.0
1448 0.0
1449 0.0
1450 0.0
1451 0.0
1452 0.0
1453 0.0
1454 0.0
1455 0.0
1456 0.0
1457 0.0
1458 0.0
1459 0.0
1460 0.0
1461 0.0
1462 0.0
1463 0.0
1464 0.0
1465 0.0
1466 0.0
1467 0.0
1468 0.0
1469 0.0
1470 0.0
1471 0.0
1472 0.0
1473 0.0
1474 0.0
1475 0.0
1476 0.0
1477 0.0
1478 0.0
1479 0.0
1480 0.0
1481 0.0
1482 0.0
1483 0.0
1484 0.0
1485 0.0
1486 0.0
1487 0.0
1488 0.0
1489 0.0
1490 0.0
1491 0.0
1492 0.0
1493 0.0
1494 0.0
1495 0.0
1496 0.0
1497 0.0
1498 0.0
1499 0.0
1500 0.0
1501 0.0
1502 0.0
1503 0.0
1504 0.0
1505 0.0
1506 0.0
1507 0.0
1508 0.0
1509 0.0
1510 0.0
1511 0.0
1512 0.0
1513 0.0
1514 0.0
1515 0.0
1516 0.0
1517 0.0
1518 0.0
1519 0.0
1520 0.0
1521 0.0
1522 0.0
1523 0.0
1524 0.0
1525 0.0
1526 0.0
1527 0.0
1528 0.0
1529 0.0
1530 0.0
1531 0.0
1532 0.0
1533 0.0
1534 0.0
1535 0.0
1536 0.0
1537 0.0
1538 0.0
1539 0.0
1540 0.0
1541 0.0
1542 0.0
1543 0.0
1544 0.0
1545 0.0
1546 0.0
1547 0.0
1548 0.0
1549 0.0
1550 0.0
1551 0.0
1552 0.0
1553 0.0
1554 0.0
1555 0.0
1556 0.0
1557 0.0
1558 0.0
1559 0.0
1560 0.0
1561 0.0
1562 0.0
1563 0.0
1564 0.0
1565 0.0
1566 0.0
1567 0.0
1568 0.0
1569 0.0
1570 0.0
1571 0.0
1572 0.0
1573 0.0
1574 0.0
1575 0.0
1576 0.0
1577 0.0
1578 0.0
1579 0.0
1580 0.0
1581 0.0
1582 0.0
1583 0.0
1584 0.0
1585 0.0
1586 0.0
1587 0.0
1588 0.0
1589 0.0
1590 0.0
1591 0.0
1592 0.0
1593 0.0
1594 0.0
1595 0.0
1596 0.0
1597 0.0
1598 0.0
1599 0.0
1600 0.0
1601 0.0
1602 0.0
1603 0.0
1604 0.0
1605 0.0
1606 0.0
1607 0.0
1608 0.0
1609 0.0
1610 0.0
1611 0.0
1612 0.0
1613 0.0
1614 0.0
1615 0.0
1616 0.0
1617 0.0
1618 0.0
1619 0.0
1620 0.0
1621 0.0
1622 0.0
1623 0.0
1624 0.0
1625 0.0
1626 0.0
1627 0.0
1628 0.0
1629 0.0
1630 0.0
1631 0.0
1632 0.0
1633 0.0
1634 0.0
1635 0.0
1636 0.0
1637 0.0
1638 0.0
1639 0.0
1640 0.0
1641 0.0
1642 0.0
1643 0.0
1644 0.0
